<?xml version="1.0" encoding="UTF-8"?>
<!-- Generated by org.testng.reporters.JUnitReportReporter -->
<testsuite hostname="LAPTOP-6QELBI8G" failures="0" tests="2" name="pac1.ContactTest" time="0.017" errors="0" timestamp="2025-03-18T11:00:10 IST" skipped="0">
  <testcase classname="pac1.ContactTest" name="createContact" time="0.014"/>
  <testcase classname="pac1.ContactTest" name="modifyContact" time="0.003"/>
</testsuite> <!-- pac1.ContactTest -->
