<?xml version="1.0" encoding="UTF-8"?>
<!-- Generated by org.testng.reporters.JUnitReportReporter -->
<testsuite hostname="LAPTOP-6QELBI8G" failures="0" tests="2" name="pac2.OrganizationTest" time="0.003" errors="0" timestamp="2025-03-18T11:00:10 IST" skipped="0">
  <testcase classname="pac2.OrganizationTest" name="createorg" time="0.001"/>
  <testcase classname="pac2.OrganizationTest" name="modifyorg" time="0.002"/>
</testsuite> <!-- pac2.OrganizationTest -->
