<?xml version="1.0" encoding="UTF-8"?>
<!-- Generated by org.testng.reporters.JUnitReportReporter -->
<testsuite hostname="LAPTOP-6QELBI8G" failures="0" tests="1" name="practice1.DataDrivenTesting.CreateOrgTest" time="19.784" errors="0" timestamp="2025-01-30T15:21:20 IST" skipped="0">
  <testcase classname="practice1.DataDrivenTesting.CreateOrgTest" name="createOrgtest" time="19.784"/>
</testsuite> <!-- practice1.DataDrivenTesting.CreateOrgTest -->
