<?xml version="1.0" encoding="UTF-8"?>
<!-- Generated by org.testng.reporters.JUnitReportReporter -->
<testsuite hostname="LAPTOP-6QELBI8G" failures="0" tests="1" name="practice1.DataDrivenTesting.ReadDatafrpopmTestNgXml" time="0.016" errors="0" timestamp="2025-01-30T13:44:07 IST" skipped="0">
  <testcase classname="practice1.DataDrivenTesting.ReadDatafrpopmTestNgXml" name="sampleTest" time="0.016"/>
</testsuite> <!-- practice1.DataDrivenTesting.ReadDatafrpopmTestNgXml -->
