<?xml version="1.0" encoding="UTF-8"?>
<!-- Generated by org.testng.reporters.JUnitReportReporter -->
<testsuite hostname="LAPTOP-6QELBI8G" failures="0" tests="1" name="practice1.DataDrivenTesting.SmpleUnitTestCheckprojectInBackEnd" time="0.588" errors="0" timestamp="2025-01-31T15:15:18 IST" skipped="0">
  <testcase classname="practice1.DataDrivenTesting.SmpleUnitTestCheckprojectInBackEnd" name="projectCheckTest" time="0.588"/>
</testsuite> <!-- practice1.DataDrivenTesting.SmpleUnitTestCheckprojectInBackEnd -->
