<?xml version="1.0" encoding="UTF-8"?>
<!-- Generated by org.testng.reporters.JUnitXMLReporter -->
<testsuite ignored="0" hostname="LAPTOP-6QELBI8G" failures="0" tests="3" name="Test-1" time="122.758" errors="0" timestamp="2025-02-13T16:54:01 IST">
  <testcase classname="com.comcast.crm.orgtest.CreateOrganizationTest3" name="createOrgTest" time="42.413"/>
  <testcase classname="com.comcast.crm.orgtest.CreateOrganizationTest3" name="createOrgWithIndustriesTest" time="14.504"/>
  <testcase classname="com.comcast.crm.orgtest.CreateOrganizationTest3" name="createOrgWithPhoenumberTest" time="12.666"/>
</testsuite> <!-- Test-1 -->
