<?xml version="1.0" encoding="UTF-8"?>
<!-- Generated by org.testng.reporters.JUnitXMLReporter -->
<testsuite ignored="0" hostname="LAPTOP-6QELBI8G" failures="0" tests="3" name="Test-2" time="136.841" errors="0" timestamp="2025-02-13T16:54:15 IST">
  <testcase classname="com.comcast.crm.contacttest.CreateContactTest3" name="createContactTest" time="42.439"/>
  <testcase classname="com.comcast.crm.contacttest.CreateContactTest3" name="createContactWithOrgTest" time="29.621"/>
  <testcase classname="com.comcast.crm.contacttest.CreateContactTest3" name="createContactWithSupportDateTest" time="11.979"/>
</testsuite> <!-- Test-2 -->
