<?xml version="1.0" encoding="UTF-8"?>
<!-- Generated by org.testng.reporters.JUnitReportReporter -->
<testsuite hostname="LAPTOP-6QELBI8G" failures="0" tests="3" name="practice.testNg.ContactTest1" time="0.027" errors="0" timestamp="2025-02-10T13:34:27 IST" skipped="0">
  <testcase classname="practice.testNg.ContactTest1" name="modifyContactTest" time="0.003"/>
  <system-out/>
  <testcase classname="practice.testNg.ContactTest1" name="createContactTest" time="0.021"/>
  <system-out/>
  <testcase classname="practice.testNg.ContactTest1" name="deletecontactTest" time="0.003"/>
  <system-out/>
</testsuite> <!-- practice.testNg.ContactTest1 -->
