<?xml version="1.0" encoding="UTF-8"?>
<!-- Generated by org.testng.reporters.JUnitReportReporter -->
<testsuite hostname="LAPTOP-6QELBI8G" failures="0" tests="1" name="practice.pom.repository.SampleTestWithPomAutoHealing" time="8.090" errors="0" timestamp="2025-02-07T16:45:30 IST" skipped="0">
  <testcase classname="practice.pom.repository.SampleTestWithPomAutoHealing" name="SampleTest" time="8.090"/>
</testsuite> <!-- practice.pom.repository.SampleTestWithPomAutoHealing -->
