<?xml version="1.0" encoding="UTF-8"?>
<!-- Generated by org.testng.reporters.JUnitReportReporter -->
<testsuite hostname="LAPTOP-6QELBI8G" failures="0" tests="3" name="com.comcast.crm.contacttest.CreateContactTest" time="72.486" errors="0" timestamp="2025-02-13T11:38:33 IST" skipped="0">
  <testcase classname="com.comcast.crm.contacttest.CreateContactTest" name="createContactWithOrgTest" time="32.220"/>
  <system-out/>
  <testcase classname="com.comcast.crm.contacttest.CreateContactTest" name="createContactWithSupportDateTest" time="20.264"/>
  <system-out/>
  <testcase classname="com.comcast.crm.contacttest.CreateContactTest" name="createContactTest" time="20.002"/>
  <system-out/>
</testsuite> <!-- com.comcast.crm.contacttest.CreateContactTest -->
