<?xml version="1.0" encoding="UTF-8"?>
<!-- Generated by org.testng.reporters.JUnitReportReporter -->
<testsuite hostname="LAPTOP-6QELBI8G" failures="0" tests="3" name="practice.testNg.CreateContactDataProvider_Test2" time="0.018" errors="0" timestamp="2025-02-10T15:32:58 IST" skipped="0">
  <testcase classname="practice.testNg.CreateContactDataProvider_Test2" name="createcontacttest" time="0.013"/>
  <system-out/>
  <testcase classname="practice.testNg.CreateContactDataProvider_Test2" name="createcontacttest" time="0.003"/>
  <system-out/>
  <testcase classname="practice.testNg.CreateContactDataProvider_Test2" name="createcontacttest" time="0.002"/>
  <system-out/>
</testsuite> <!-- practice.testNg.CreateContactDataProvider_Test2 -->
