<?xml version="1.0" encoding="UTF-8"?>
<!-- Generated by org.testng.reporters.JUnitReportReporter -->
<testsuite hostname="LAPTOP-6QELBI8G" failures="0" tests="1" name="practice.testNg.SampleReportTest" time="5.157" errors="0" timestamp="2025-02-18T13:36:23 IST" skipped="0">
  <testcase classname="practice.testNg.SampleReportTest" name="createContactTest" time="5.157"/>
  <system-out/>
</testsuite> <!-- practice.testNg.SampleReportTest -->
