<?xml version="1.0" encoding="UTF-8"?>
<!-- Generated by org.testng.reporters.JUnitReportReporter -->
<testsuite hostname="LAPTOP-6QELBI8G" failures="0" tests="2" name="com.crmcomcast.contactTest.CreateContactTest" time="0.016" errors="0" timestamp="2025-02-11T13:04:40 IST" skipped="0">
  <testcase classname="com.crmcomcast.contactTest.CreateContactTest" name="createContact" time="0.011"/>
  <system-out/>
  <testcase classname="com.crmcomcast.contactTest.CreateContactTest" name="createContactWithDate" time="0.005"/>
  <system-out/>
</testsuite> <!-- com.crmcomcast.contactTest.CreateContactTest -->
