<?xml version="1.0" encoding="UTF-8"?>
<!-- Generated by org.testng.reporters.JUnitReportReporter -->
<testsuite hostname="LAPTOP-6QELBI8G" failures="0" tests="1" name="practice.pom.repository.SampleTestWithPom" time="7.657" errors="0" timestamp="2025-02-06T16:17:16 IST" skipped="0">
  <testcase classname="practice.pom.repository.SampleTestWithPom" name="SampleTest" time="7.657"/>
</testsuite> <!-- practice.pom.repository.SampleTestWithPom -->
