<?xml version="1.0" encoding="UTF-8"?>
<!-- Generated by org.testng.reporters.JUnitReportReporter -->
<testsuite hostname="LAPTOP-6QELBI8G" failures="0" tests="3" name="practice.test.GetProductInfoTest" time="31.781" errors="0" timestamp="2025-02-10T18:02:24 IST" skipped="0">
  <testcase classname="practice.test.GetProductInfoTest" name="getProductInfoTest" time="12.131"/>
  <system-out/>
  <testcase classname="practice.test.GetProductInfoTest" name="getProductInfoTest" time="9.840"/>
  <system-out/>
  <testcase classname="practice.test.GetProductInfoTest" name="getProductInfoTest" time="9.810"/>
  <system-out/>
</testsuite> <!-- practice.test.GetProductInfoTest -->
