<?xml version="1.0" encoding="UTF-8"?>
<!-- Generated by org.testng.reporters.JUnitReportReporter -->
<testsuite hostname="LAPTOP-6QELBI8G" failures="0" tests="1" name="com.comcast.crm.contacttest.CreateContactWithSupportDateTest2" time="22.026" errors="0" timestamp="2025-02-13T11:38:33 IST" skipped="0">
  <testcase classname="com.comcast.crm.contacttest.CreateContactWithSupportDateTest2" name="createContact" time="22.026"/>
  <system-out/>
</testsuite> <!-- com.comcast.crm.contacttest.CreateContactWithSupportDateTest2 -->
