<?xml version="1.0" encoding="UTF-8"?>
<!-- Generated by org.testng.reporters.JUnitReportReporter -->
<testsuite hostname="LAPTOP-6QELBI8G" failures="0" tests="2" name="practice.hometest.HomepageSampleTest2" time="0.017" errors="0" timestamp="2025-02-15T23:04:14 IST" skipped="0">
  <testcase classname="practice.hometest.HomepageSampleTest2" name="homePageTest" time="0.014"/>
  <system-out>
    <![CDATA[homePageTestTest Start
null
step-1
step-2
step-3
step-4
homePageTestTest End]]>
  </system-out>
  <testcase classname="practice.hometest.HomepageSampleTest2" name="verifyLogohomePageTest" time="0.003"/>
  <system-out>
    <![CDATA[verifyLogohomePageTestTest Start
step-1
step-2
step-3
step-4
verifyLogohomePageTestTest End]]>
  </system-out>
</testsuite> <!-- practice.hometest.HomepageSampleTest2 -->
