<?xml version="1.0" encoding="UTF-8"?>
<!-- Generated by org.testng.reporters.JUnitReportReporter -->
<testsuite hostname="LAPTOP-6QELBI8G" failures="0" tests="1" name="com.comcast.crm.orgtest.CreateOrganizationTest3" time="55.219" errors="0" timestamp="2025-03-12T15:23:47 IST" skipped="0">
  <testcase classname="com.comcast.crm.orgtest.CreateOrganizationTest3" name="createOrgTest" time="55.219"/>
  <system-out/>
</testsuite> <!-- com.comcast.crm.orgtest.CreateOrganizationTest3 -->
