<?xml version="1.0" encoding="UTF-8"?>
<!-- Generated by org.testng.reporters.JUnitReportReporter -->
<testsuite hostname="LAPTOP-6QELBI8G" failures="0" tests="1" name="practice.testNg.SampleTest" time="0.013" errors="0" timestamp="2025-02-10T11:23:28 IST" skipped="0">
  <testcase classname="practice.testNg.SampleTest" name="createContactTest" time="0.013"/>
  <system-out/>
</testsuite> <!-- practice.testNg.SampleTest -->
