<?xml version="1.0" encoding="UTF-8"?>
<!-- Generated by org.testng.reporters.JUnitReportReporter -->
<testsuite hostname="LAPTOP-6QELBI8G" failures="0" tests="2" name="com.crm.comcastOrgTest.CreateOrgTest" time="0.007" errors="0" timestamp="2025-02-11T13:04:40 IST" skipped="0">
  <testcase classname="com.crm.comcastOrgTest.CreateOrgTest" name="createOrgtWithindustries" time="0.003"/>
  <system-out/>
  <testcase classname="com.crm.comcastOrgTest.CreateOrgTest" name="createOrgTest" time="0.004"/>
  <system-out/>
</testsuite> <!-- com.crm.comcastOrgTest.CreateOrgTest -->
