<?xml version="1.0" encoding="UTF-8"?>
<!-- Generated by org.testng.reporters.JUnitReportReporter -->
<testsuite hostname="LAPTOP-6QELBI8G" failures="0" tests="1" name="practice.testNg.SampleTestforScreenshot" time="16.580" errors="0" timestamp="2025-02-14T16:53:21 IST" skipped="0">
  <testcase classname="practice.testNg.SampleTestforScreenshot" name="amazonTest" time="16.580"/>
  <system-out/>
</testsuite> <!-- practice.testNg.SampleTestforScreenshot -->
