<?xml version="1.0" encoding="UTF-8"?>
<!-- Generated by org.testng.reporters.JUnitReportReporter -->
<testsuite hostname="LAPTOP-6QELBI8G" failures="0" tests="2" name="practice.testNg.ContactTest" time="0.014" errors="0" timestamp="2025-02-10T12:09:10 IST" skipped="0">
  <testcase classname="practice.testNg.ContactTest" name="createcontactWithMobileNumberTest" time="0.002"/>
  <system-out/>
  <testcase classname="practice.testNg.ContactTest" name="createContactTest" time="0.012"/>
  <system-out/>
</testsuite> <!-- practice.testNg.ContactTest -->
