<?xml version="1.0" encoding="UTF-8"?>
<!-- Generated by org.testng.reporters.JUnitReportReporter -->
<testsuite hostname="LAPTOP-6QELBI8G" failures="0" tests="1" name="practice.test.InvoiceTest1" time="0.015" errors="0" timestamp="2025-02-16T00:41:10 IST" skipped="0">
  <testcase classname="practice.test.InvoiceTest1" name="activateSim" time="0.015"/>
  <system-out/>
</testsuite> <!-- practice.test.InvoiceTest1 -->
