<?xml version="1.0" encoding="UTF-8"?>
<!-- Generated by org.testng.reporters.JUnitReportReporter -->
<testsuite hostname="LAPTOP-6QELBI8G" failures="0" tests="3" name="practice.testNg.CreateContact_DataProvider_Test" time="0.013" errors="0" timestamp="2025-02-10T15:19:44 IST" skipped="0">
  <testcase classname="practice.testNg.CreateContact_DataProvider_Test" name="createcontacttest" time="0.010"/>
  <system-out/>
  <testcase classname="practice.testNg.CreateContact_DataProvider_Test" name="createcontacttest" time="0.001"/>
  <system-out/>
  <testcase classname="practice.testNg.CreateContact_DataProvider_Test" name="createcontacttest" time="0.002"/>
  <system-out/>
</testsuite> <!-- practice.testNg.CreateContact_DataProvider_Test -->
